Determining if the pthread_create exist failed with the following output:
Change Dir: /home/luis/2018-phd-luis-caiza/build/offb_velocity/CMakeFiles/CMakeTmp

Run Build Command:"/usr/bin/make" "cmTC_6f1cd/fast"
/usr/bin/make -f CMakeFiles/cmTC_6f1cd.dir/build.make CMakeFiles/cmTC_6f1cd.dir/build
make[1]: se entra en el directorio '/home/luis/2018-phd-luis-caiza/build/offb_velocity/CMakeFiles/CMakeTmp'
Building C object CMakeFiles/cmTC_6f1cd.dir/CheckSymbolExists.c.o
/usr/bin/cc     -o CMakeFiles/cmTC_6f1cd.dir/CheckSymbolExists.c.o   -c /home/luis/2018-phd-luis-caiza/build/offb_velocity/CMakeFiles/CMakeTmp/CheckSymbolExists.c
Linking C executable cmTC_6f1cd
/usr/bin/cmake -E cmake_link_script CMakeFiles/cmTC_6f1cd.dir/link.txt --verbose=1
/usr/bin/cc       CMakeFiles/cmTC_6f1cd.dir/CheckSymbolExists.c.o  -o cmTC_6f1cd -rdynamic 
CMakeFiles/cmTC_6f1cd.dir/CheckSymbolExists.c.o: En la función `main':
CheckSymbolExists.c:(.text+0x16): referencia a `pthread_create' sin definir
collect2: error: ld returned 1 exit status
CMakeFiles/cmTC_6f1cd.dir/build.make:97: fallo en las instrucciones para el objetivo 'cmTC_6f1cd'
make[1]: *** [cmTC_6f1cd] Error 1
make[1]: se sale del directorio '/home/luis/2018-phd-luis-caiza/build/offb_velocity/CMakeFiles/CMakeTmp'
Makefile:126: fallo en las instrucciones para el objetivo 'cmTC_6f1cd/fast'
make: *** [cmTC_6f1cd/fast] Error 2

File /home/luis/2018-phd-luis-caiza/build/offb_velocity/CMakeFiles/CMakeTmp/CheckSymbolExists.c:
/* */
#include <pthread.h>

int main(int argc, char** argv)
{
  (void)argv;
#ifndef pthread_create
  return ((int*)(&pthread_create))[argc];
#else
  (void)argc;
  return 0;
#endif
}

Determining if the function pthread_create exists in the pthreads failed with the following output:
Change Dir: /home/luis/2018-phd-luis-caiza/build/offb_velocity/CMakeFiles/CMakeTmp

Run Build Command:"/usr/bin/make" "cmTC_80fc0/fast"
/usr/bin/make -f CMakeFiles/cmTC_80fc0.dir/build.make CMakeFiles/cmTC_80fc0.dir/build
make[1]: se entra en el directorio '/home/luis/2018-phd-luis-caiza/build/offb_velocity/CMakeFiles/CMakeTmp'
Building C object CMakeFiles/cmTC_80fc0.dir/CheckFunctionExists.c.o
/usr/bin/cc    -DCHECK_FUNCTION_EXISTS=pthread_create   -o CMakeFiles/cmTC_80fc0.dir/CheckFunctionExists.c.o   -c /usr/share/cmake-3.5/Modules/CheckFunctionExists.c
Linking C executable cmTC_80fc0
/usr/bin/cmake -E cmake_link_script CMakeFiles/cmTC_80fc0.dir/link.txt --verbose=1
/usr/bin/cc   -DCHECK_FUNCTION_EXISTS=pthread_create    CMakeFiles/cmTC_80fc0.dir/CheckFunctionExists.c.o  -o cmTC_80fc0 -rdynamic -lpthreads 
/usr/bin/ld: no se puede encontrar -lpthreads
collect2: error: ld returned 1 exit status
CMakeFiles/cmTC_80fc0.dir/build.make:97: fallo en las instrucciones para el objetivo 'cmTC_80fc0'
make[1]: *** [cmTC_80fc0] Error 1
make[1]: se sale del directorio '/home/luis/2018-phd-luis-caiza/build/offb_velocity/CMakeFiles/CMakeTmp'
Makefile:126: fallo en las instrucciones para el objetivo 'cmTC_80fc0/fast'
make: *** [cmTC_80fc0/fast] Error 2


