Determining if the pthread_create exist failed with the following output:
Change Dir: /home/luis/2018-phd-luis-caiza/build/libmavconn/CMakeFiles/CMakeTmp

Run Build Command:"/usr/bin/make" "cmTC_2908e/fast"
/usr/bin/make -f CMakeFiles/cmTC_2908e.dir/build.make CMakeFiles/cmTC_2908e.dir/build
make[1]: se entra en el directorio '/home/luis/2018-phd-luis-caiza/build/libmavconn/CMakeFiles/CMakeTmp'
Building C object CMakeFiles/cmTC_2908e.dir/CheckSymbolExists.c.o
/usr/bin/cc     -o CMakeFiles/cmTC_2908e.dir/CheckSymbolExists.c.o   -c /home/luis/2018-phd-luis-caiza/build/libmavconn/CMakeFiles/CMakeTmp/CheckSymbolExists.c
Linking C executable cmTC_2908e
/usr/bin/cmake -E cmake_link_script CMakeFiles/cmTC_2908e.dir/link.txt --verbose=1
/usr/bin/cc       CMakeFiles/cmTC_2908e.dir/CheckSymbolExists.c.o  -o cmTC_2908e -rdynamic 
CMakeFiles/cmTC_2908e.dir/CheckSymbolExists.c.o: En la función `main':
CheckSymbolExists.c:(.text+0x16): referencia a `pthread_create' sin definir
collect2: error: ld returned 1 exit status
CMakeFiles/cmTC_2908e.dir/build.make:97: fallo en las instrucciones para el objetivo 'cmTC_2908e'
make[1]: *** [cmTC_2908e] Error 1
make[1]: se sale del directorio '/home/luis/2018-phd-luis-caiza/build/libmavconn/CMakeFiles/CMakeTmp'
Makefile:126: fallo en las instrucciones para el objetivo 'cmTC_2908e/fast'
make: *** [cmTC_2908e/fast] Error 2

File /home/luis/2018-phd-luis-caiza/build/libmavconn/CMakeFiles/CMakeTmp/CheckSymbolExists.c:
/* */
#include <pthread.h>

int main(int argc, char** argv)
{
  (void)argv;
#ifndef pthread_create
  return ((int*)(&pthread_create))[argc];
#else
  (void)argc;
  return 0;
#endif
}

Determining if the function pthread_create exists in the pthreads failed with the following output:
Change Dir: /home/luis/2018-phd-luis-caiza/build/libmavconn/CMakeFiles/CMakeTmp

Run Build Command:"/usr/bin/make" "cmTC_41f23/fast"
/usr/bin/make -f CMakeFiles/cmTC_41f23.dir/build.make CMakeFiles/cmTC_41f23.dir/build
make[1]: se entra en el directorio '/home/luis/2018-phd-luis-caiza/build/libmavconn/CMakeFiles/CMakeTmp'
Building C object CMakeFiles/cmTC_41f23.dir/CheckFunctionExists.c.o
/usr/bin/cc    -DCHECK_FUNCTION_EXISTS=pthread_create   -o CMakeFiles/cmTC_41f23.dir/CheckFunctionExists.c.o   -c /usr/share/cmake-3.5/Modules/CheckFunctionExists.c
Linking C executable cmTC_41f23
/usr/bin/cmake -E cmake_link_script CMakeFiles/cmTC_41f23.dir/link.txt --verbose=1
/usr/bin/cc   -DCHECK_FUNCTION_EXISTS=pthread_create    CMakeFiles/cmTC_41f23.dir/CheckFunctionExists.c.o  -o cmTC_41f23 -rdynamic -lpthreads 
/usr/bin/ld: no se puede encontrar -lpthreads
collect2: error: ld returned 1 exit status
CMakeFiles/cmTC_41f23.dir/build.make:97: fallo en las instrucciones para el objetivo 'cmTC_41f23'
make[1]: *** [cmTC_41f23] Error 1
make[1]: se sale del directorio '/home/luis/2018-phd-luis-caiza/build/libmavconn/CMakeFiles/CMakeTmp'
Makefile:126: fallo en las instrucciones para el objetivo 'cmTC_41f23/fast'
make: *** [cmTC_41f23/fast] Error 2


