Determining if the pthread_create exist failed with the following output:
Change Dir: /home/luis/2018-phd-luis-caiza/build/catkin_tools_prebuild/CMakeFiles/CMakeTmp

Run Build Command:"/usr/bin/make" "cmTC_95aea/fast"
/usr/bin/make -f CMakeFiles/cmTC_95aea.dir/build.make CMakeFiles/cmTC_95aea.dir/build
make[1]: se entra en el directorio '/home/luis/2018-phd-luis-caiza/build/catkin_tools_prebuild/CMakeFiles/CMakeTmp'
Building C object CMakeFiles/cmTC_95aea.dir/CheckSymbolExists.c.o
/usr/bin/cc     -o CMakeFiles/cmTC_95aea.dir/CheckSymbolExists.c.o   -c /home/luis/2018-phd-luis-caiza/build/catkin_tools_prebuild/CMakeFiles/CMakeTmp/CheckSymbolExists.c
Linking C executable cmTC_95aea
/usr/bin/cmake -E cmake_link_script CMakeFiles/cmTC_95aea.dir/link.txt --verbose=1
/usr/bin/cc       CMakeFiles/cmTC_95aea.dir/CheckSymbolExists.c.o  -o cmTC_95aea -rdynamic 
CMakeFiles/cmTC_95aea.dir/CheckSymbolExists.c.o: En la función `main':
CheckSymbolExists.c:(.text+0x16): referencia a `pthread_create' sin definir
collect2: error: ld returned 1 exit status
CMakeFiles/cmTC_95aea.dir/build.make:97: fallo en las instrucciones para el objetivo 'cmTC_95aea'
make[1]: *** [cmTC_95aea] Error 1
make[1]: se sale del directorio '/home/luis/2018-phd-luis-caiza/build/catkin_tools_prebuild/CMakeFiles/CMakeTmp'
Makefile:126: fallo en las instrucciones para el objetivo 'cmTC_95aea/fast'
make: *** [cmTC_95aea/fast] Error 2

File /home/luis/2018-phd-luis-caiza/build/catkin_tools_prebuild/CMakeFiles/CMakeTmp/CheckSymbolExists.c:
/* */
#include <pthread.h>

int main(int argc, char** argv)
{
  (void)argv;
#ifndef pthread_create
  return ((int*)(&pthread_create))[argc];
#else
  (void)argc;
  return 0;
#endif
}

Determining if the function pthread_create exists in the pthreads failed with the following output:
Change Dir: /home/luis/2018-phd-luis-caiza/build/catkin_tools_prebuild/CMakeFiles/CMakeTmp

Run Build Command:"/usr/bin/make" "cmTC_d0da7/fast"
/usr/bin/make -f CMakeFiles/cmTC_d0da7.dir/build.make CMakeFiles/cmTC_d0da7.dir/build
make[1]: se entra en el directorio '/home/luis/2018-phd-luis-caiza/build/catkin_tools_prebuild/CMakeFiles/CMakeTmp'
Building C object CMakeFiles/cmTC_d0da7.dir/CheckFunctionExists.c.o
/usr/bin/cc    -DCHECK_FUNCTION_EXISTS=pthread_create   -o CMakeFiles/cmTC_d0da7.dir/CheckFunctionExists.c.o   -c /usr/share/cmake-3.5/Modules/CheckFunctionExists.c
Linking C executable cmTC_d0da7
/usr/bin/cmake -E cmake_link_script CMakeFiles/cmTC_d0da7.dir/link.txt --verbose=1
/usr/bin/cc   -DCHECK_FUNCTION_EXISTS=pthread_create    CMakeFiles/cmTC_d0da7.dir/CheckFunctionExists.c.o  -o cmTC_d0da7 -rdynamic -lpthreads 
/usr/bin/ld: no se puede encontrar -lpthreads
collect2: error: ld returned 1 exit status
CMakeFiles/cmTC_d0da7.dir/build.make:97: fallo en las instrucciones para el objetivo 'cmTC_d0da7'
make[1]: *** [cmTC_d0da7] Error 1
make[1]: se sale del directorio '/home/luis/2018-phd-luis-caiza/build/catkin_tools_prebuild/CMakeFiles/CMakeTmp'
Makefile:126: fallo en las instrucciones para el objetivo 'cmTC_d0da7/fast'
make: *** [cmTC_d0da7/fast] Error 2


