Determining if the pthread_create exist failed with the following output:
Change Dir: /home/luis/2018-phd-luis-caiza/build/plannar_mover/CMakeFiles/CMakeTmp

Run Build Command:"/usr/bin/make" "cmTC_49cb8/fast"
/usr/bin/make -f CMakeFiles/cmTC_49cb8.dir/build.make CMakeFiles/cmTC_49cb8.dir/build
make[1]: se entra en el directorio '/home/luis/2018-phd-luis-caiza/build/plannar_mover/CMakeFiles/CMakeTmp'
Building C object CMakeFiles/cmTC_49cb8.dir/CheckSymbolExists.c.o
/usr/bin/cc     -o CMakeFiles/cmTC_49cb8.dir/CheckSymbolExists.c.o   -c /home/luis/2018-phd-luis-caiza/build/plannar_mover/CMakeFiles/CMakeTmp/CheckSymbolExists.c
Linking C executable cmTC_49cb8
/usr/bin/cmake -E cmake_link_script CMakeFiles/cmTC_49cb8.dir/link.txt --verbose=1
/usr/bin/cc       CMakeFiles/cmTC_49cb8.dir/CheckSymbolExists.c.o  -o cmTC_49cb8 -rdynamic 
CMakeFiles/cmTC_49cb8.dir/CheckSymbolExists.c.o: En la función `main':
CheckSymbolExists.c:(.text+0x16): referencia a `pthread_create' sin definir
collect2: error: ld returned 1 exit status
CMakeFiles/cmTC_49cb8.dir/build.make:97: fallo en las instrucciones para el objetivo 'cmTC_49cb8'
make[1]: *** [cmTC_49cb8] Error 1
make[1]: se sale del directorio '/home/luis/2018-phd-luis-caiza/build/plannar_mover/CMakeFiles/CMakeTmp'
Makefile:126: fallo en las instrucciones para el objetivo 'cmTC_49cb8/fast'
make: *** [cmTC_49cb8/fast] Error 2

File /home/luis/2018-phd-luis-caiza/build/plannar_mover/CMakeFiles/CMakeTmp/CheckSymbolExists.c:
/* */
#include <pthread.h>

int main(int argc, char** argv)
{
  (void)argv;
#ifndef pthread_create
  return ((int*)(&pthread_create))[argc];
#else
  (void)argc;
  return 0;
#endif
}

Determining if the function pthread_create exists in the pthreads failed with the following output:
Change Dir: /home/luis/2018-phd-luis-caiza/build/plannar_mover/CMakeFiles/CMakeTmp

Run Build Command:"/usr/bin/make" "cmTC_e59cc/fast"
/usr/bin/make -f CMakeFiles/cmTC_e59cc.dir/build.make CMakeFiles/cmTC_e59cc.dir/build
make[1]: se entra en el directorio '/home/luis/2018-phd-luis-caiza/build/plannar_mover/CMakeFiles/CMakeTmp'
Building C object CMakeFiles/cmTC_e59cc.dir/CheckFunctionExists.c.o
/usr/bin/cc    -DCHECK_FUNCTION_EXISTS=pthread_create   -o CMakeFiles/cmTC_e59cc.dir/CheckFunctionExists.c.o   -c /usr/share/cmake-3.5/Modules/CheckFunctionExists.c
Linking C executable cmTC_e59cc
/usr/bin/cmake -E cmake_link_script CMakeFiles/cmTC_e59cc.dir/link.txt --verbose=1
/usr/bin/cc   -DCHECK_FUNCTION_EXISTS=pthread_create    CMakeFiles/cmTC_e59cc.dir/CheckFunctionExists.c.o  -o cmTC_e59cc -rdynamic -lpthreads 
/usr/bin/ld: no se puede encontrar -lpthreads
collect2: error: ld returned 1 exit status
CMakeFiles/cmTC_e59cc.dir/build.make:97: fallo en las instrucciones para el objetivo 'cmTC_e59cc'
make[1]: *** [cmTC_e59cc] Error 1
make[1]: se sale del directorio '/home/luis/2018-phd-luis-caiza/build/plannar_mover/CMakeFiles/CMakeTmp'
Makefile:126: fallo en las instrucciones para el objetivo 'cmTC_e59cc/fast'
make: *** [cmTC_e59cc/fast] Error 2


